  main.cpp
D:\Project_fruit_thanh_toan\FruitWorld101\form3.h(23,37): warning C4244: 'argument': conversion from 'double' to 'int', possible loss of data
  (compiling source file 'main.cpp')
  
D:\Project_fruit_thanh_toan\FruitWorld101\form2.h(332,24): warning C4566: character represented by universal-character-name '\u1EA5' cannot be represented in the current code page (1252)
  (compiling source file 'main.cpp')
  
D:\Project_fruit_thanh_toan\FruitWorld101\form2.h(332,24): warning C4566: character represented by universal-character-name '\u1EA3' cannot be represented in the current code page (1252)
  (compiling source file 'main.cpp')
  
D:\Project_fruit_thanh_toan\FruitWorld101\form2.h(375,23): warning C4566: character represented by universal-character-name '\u1ECB' cannot be represented in the current code page (1252)
  (compiling source file 'main.cpp')
  
D:\Project_fruit_thanh_toan\FruitWorld101\form2.h(375,23): warning C4566: character represented by universal-character-name '\u1ED1' cannot be represented in the current code page (1252)
  (compiling source file 'main.cpp')
  
D:\Project_fruit_thanh_toan\FruitWorld101\form2.h(375,23): warning C4566: character represented by universal-character-name '\u01B0' cannot be represented in the current code page (1252)
  (compiling source file 'main.cpp')
  
D:\Project_fruit_thanh_toan\FruitWorld101\form2.h(375,23): warning C4566: character represented by universal-character-name '\u1EE3' cannot be represented in the current code page (1252)
  (compiling source file 'main.cpp')
  
D:\Project_fruit_thanh_toan\FruitWorld101\form2.h(375,23): warning C4566: character represented by universal-character-name '\u1EC7' cannot be represented in the current code page (1252)
  (compiling source file 'main.cpp')
  
D:\Project_fruit_thanh_toan\FruitWorld101\form2.h(375,23): warning C4566: character represented by universal-character-name '\u1EAD' cannot be represented in the current code page (1252)
  (compiling source file 'main.cpp')
  
D:\Project_fruit_thanh_toan\FruitWorld101\form2.h(386,27): warning C4566: character represented by universal-character-name '\u1EA3' cannot be represented in the current code page (1252)
  (compiling source file 'main.cpp')
  
D:\Project_fruit_thanh_toan\FruitWorld101\main.cpp(8,6): warning C4829: Possibly incorrect parameters to function main. Consider 'int main(Platform::Array<Platform::String^>^ argv)'
  main.obj : MSIL module encountered; incremental linking is disabled for MSIL; performing full link
  FruitWorld101.vcxproj -> D:\Project_fruit_thanh_toan\FruitWorld101\x64\Debug\FruitWorld101.exe
